master/build/outputs/logs/manifest-merger-debug-report.txt
-- Merging decision tree log ---
manifest
ADDED from src/main/AndroidManifest.xml:2:1-260:12
INJECTED from src/main/AndroidManifest.xml:2:1-260:12
INJECTED from src/main/AndroidManifest.xml:2:1-260:12
INJECTED from src/main/AndroidManifest.xml:2:1-260:12
MERGED from [com.android.support:multidex:1.0.2] AndroidManifest.xml:17:1-22:12
MERGED from [:libmc] AndroidManifest.xml:2:1-13:12
MERGED from [:easeui] AndroidManifest.xml:2:1-9:12
MERGED from [com.android.support:design:27.1.1] AndroidManifest.xml:17:1-22:12
MERGED from [com.yuyh.bubble:library:1.0.0] AndroidManifest.xml:2:1-17:12
MERGED from [com.android.support:appcompat-v7:27.1.1] AndroidManifest.xml:17:1-22:12
MERGED from [com.android.support.constraint:constraint-layout:1.1.2] AndroidManifest.xml:2:1-11:12
MERGED from [com.youth.banner:banner:1.4.10] AndroidManifest.xml:2:1-11:12
MERGED from [com.githang:com-phillipcalvin-iconbutton:2.0.2] AndroidManifest.xml:2:1-13:12
MERGED from [com.makeramen:roundedimageview:2.2.1] AndroidManifest.xml:2:1-9:12
MERGED from [:customprogressview:] AndroidManifest.xml:2:1-11:12
MERGED from [:modulebase:] AndroidManifest.xml:2:1-308:12
MERGED from [com.scwang.smartrefresh:SmartRefreshLayout:1.1.0-alpha-14] AndroidManifest.xml:2:1-17:12
MERGED from [com.android.support:transition:27.1.1] AndroidManifest.xml:17:1-22:12
MERGED from [com.jakewharton:butterknife:8.8.1] AndroidManifest.xml:2:1-7:12
MERGED from [com.android.support:recyclerview-v7:27.1.1] AndroidManifest.xml:17:1-22:12
MERGED from [com.android.support:animated-vector-drawable:27.1.1] AndroidManifest.xml:17:1-22:12
MERGED from [com.github.chrisbanes.photoview:library:1.2.3] AndroidManifest.xml:1:92-6:12
MERGED from [com.google.android.gms:play-services-base:11.4.0] AndroidManifest.xml:16:1-21:12
MERGED from [com.google.android.gms:play-services-tasks:11.4.0] AndroidManifest.xml:2:1-5:12
MERGED from [com.google.android.gms:play-services-basement:11.4.0] AndroidManifest.xml:16:1-23:12
MERGED from [com.android.support:support-v4:27.1.1] AndroidManifest.xml:17:1-22:12
MERGED from [com.android.support:support-fragment:27.1.1] AndroidManifest.xml:17:1-22:12
MERGED from [com.android.support:support-core-ui:27.1.1] AndroidManifest.xml:17:1-22:12
MERGED from [com.android.support:support-core-utils:27.1.1] AndroidManifest.xml:17:1-22:12
MERGED from [com.android.support:support-vector-drawable:27.1.1] AndroidManifest.xml:17:1-22:12
MERGED from [com.android.support:support-media-compat:27.1.1] AndroidManifest.xml:17:1-22:12
MERGED from [com.android.support:support-compat:27.1.1] AndroidManifest.xml:17:1-22:12
MERGED from [com.huxq17.xrefreshview:xrefreshview:3.6.9] AndroidManifest.xml:2:1-12:12
MERGED from [com.getui:sdk:2.12.5.0] AndroidManifest.xml:2:1-84:12
MERGED from [android.arch.lifecycle:runtime:1.1.0] AndroidManifest.xml:17:1-22:12
MERGED from [android.arch.lifecycle:livedata-core:1.1.0] AndroidManifest.xml:17:1-22:12
MERGED from [android.arch.core:runtime:1.1.0] AndroidManifest.xml:17:1-22:12
MERGED from [android.arch.lifecycle:viewmodel:1.1.0] AndroidManifest.xml:17:1-22:12
INJECTED from src/main/AndroidManifest.xml:2:1-260:12
INJECTED from src/main/AndroidManifest.xml:2:1-260:12
INJECTED from src/main/AndroidManifest.xml:2:1-260:12
	package
		ADDED from src/main/AndroidManifest.xml:2:11-49
		INJECTED from src/main/AndroidManifest.xml
		INJECTED from src/main/AndroidManifest.xml
	android:versionName
		INJECTED from src/main/AndroidManifest.xml
		ADDED from src/main/AndroidManifest.xml:2:1-260:12
		INJECTED from src/main/AndroidManifest.xml
	xmlns:tools
		ADDED from src/main/AndroidManifest.xml:4:11-57
	android:versionCode
		INJECTED from src/main/AndroidManifest.xml
		ADDED from src/main/AndroidManifest.xml:2:1-260:12
		INJECTED from src/main/AndroidManifest.xml
	xmlns:android
		ADDED from src/main/AndroidManifest.xml:3:11-69
uses-permission#android.permission.READ_EXTERNAL_STORAGE
ADDED from src/main/AndroidManifest.xml:6:5-79
	android:name
		ADDED from src/main/AndroidManifest.xml:6:22-77
uses-permission#android.permission.INTERNET
ADDED from src/main/AndroidManifest.xml:9:5-66
MERGED from [:modulebase:] AndroidManifest.xml:61:5-67
MERGED from [:modulebase:] AndroidManifest.xml:61:5-67
MERGED from [com.getui:sdk:2.12.5.0] AndroidManifest.xml:11:5-67
MERGED from [com.getui:sdk:2.12.5.0] AndroidManifest.xml:11:5-67
	android:name
		ADDED from src/main/AndroidManifest.xml:9:22-64
uses-permission#android.permission.WRITE_EXTERNAL_STORAGE
ADDED from src/main/AndroidManifest.xml:11:5-80
MERGED from [:modulebase:] AndroidManifest.xml:79:5-81
MERGED from [:modulebase:] AndroidManifest.xml:79:5-81
MERGED from [com.getui:sdk:2.12.5.0] AndroidManifest.xml:18:5-81
MERGED from [com.getui:sdk:2.12.5.0] AndroidManifest.xml:18:5-81
	android:name
		ADDED from src/main/AndroidManifest.xml:11:22-78
uses-permission#android.permission.ACCESS_NETWORK_STATE
ADDED from src/main/AndroidManifest.xml:13:5-78
MERGED from [:modulebase:] AndroidManifest.xml:48:5-79
MERGED from [:modulebase:] AndroidManifest.xml:48:5-79
MERGED from [com.getui:sdk:2.12.5.0] AndroidManifest.xml:13:5-79
MERGED from [com.getui:sdk:2.12.5.0] AndroidManifest.xml:13:5-79
	android:name
		ADDED from src/main/AndroidManifest.xml:13:22-76
uses-permission#android.permission.ACCESS_WIFI_STATE
ADDED from src/main/AndroidManifest.xml:15:5-75
MERGED from [:modulebase:] AndroidManifest.xml:46:5-76
MERGED from [:modulebase:] AndroidManifest.xml:46:5-76
MERGED from [com.getui:sdk:2.12.5.0] AndroidManifest.xml:15:5-76
MERGED from [com.getui:sdk:2.12.5.0] AndroidManifest.xml:15:5-76
	android:name
		ADDED from src/main/AndroidManifest.xml:15:22-73
uses-permission#android.permission.READ_PHONE_STATE
ADDED from src/main/AndroidManifest.xml:17:5-74
MERGED from [com.getui:sdk:2.12.5.0] AndroidManifest.xml:12:5-75
MERGED from [com.getui:sdk:2.12.5.0] AndroidManifest.xml:12:5-75
	android:name
		ADDED from src/main/AndroidManifest.xml:17:22-72
uses-permission#android.permission.ACCESS_COARSE_LOCATION
ADDED from src/main/AndroidManifest.xml:19:5-80
MERGED from [:modulebase:] AndroidManifest.xml:75:5-81
MERGED from [:modulebase:] AndroidManifest.xml:75:5-81
	android:name
		ADDED from src/main/AndroidManifest.xml:19:22-78
uses-permission#android.permission.CHANGE_WIFI_STATE.
ADDED from src/main/AndroidManifest.xml:21:5-76
	android:name
		ADDED from src/main/AndroidManifest.xml:21:22-74
uses-permission#android.permission.ACCESS_FINE_LOCATION
ADDED from src/main/AndroidManifest.xml:26:5-78
MERGED from [:modulebase:] AndroidManifest.xml:77:5-79
MERGED from [:modulebase:] AndroidManifest.xml:77:5-79
	android:name
		ADDED from src/main/AndroidManifest.xml:26:22-76
uses-permission#android.permission.ACCESS_LOCATION_EXTRA_COMMANDS
ADDED from src/main/AndroidManifest.xml:29:5-88
	android:name
		ADDED from src/main/AndroidManifest.xml:29:22-86
uses-permission#android.permission.FLASHLIGHT
ADDED from src/main/AndroidManifest.xml:31:5-68
MERGED from [:modulebase:] AndroidManifest.xml:52:5-69
MERGED from [:modulebase:] AndroidManifest.xml:52:5-69
	android:name
		ADDED from src/main/AndroidManifest.xml:31:22-66
uses-feature#android.hardware.camera
ADDED from src/main/AndroidManifest.xml:33:5-59
MERGED from [:modulebase:] AndroidManifest.xml:90:5-60
MERGED from [:modulebase:] AndroidManifest.xml:90:5-60
	android:name
		ADDED from src/main/AndroidManifest.xml:33:19-57
uses-feature#android.hardware.camera.autofocus
ADDED from src/main/AndroidManifest.xml:34:5-69
MERGED from [:modulebase:] AndroidManifest.xml:91:5-70
MERGED from [:modulebase:] AndroidManifest.xml:91:5-70
	android:name
		ADDED from src/main/AndroidManifest.xml:34:19-67
uses-permission#android.permission.RECORD_AUDIO
ADDED from src/main/AndroidManifest.xml:36:5-70
	android:name
		ADDED from src/main/AndroidManifest.xml:36:22-68
uses-permission#android.permission.CAMERA
ADDED from src/main/AndroidManifest.xml:37:5-64
MERGED from [:modulebase:] AndroidManifest.xml:73:5-65
MERGED from [:modulebase:] AndroidManifest.xml:73:5-65
	android:name
		ADDED from src/main/AndroidManifest.xml:37:22-62
uses-permission#android.permission.WRITE_SETTINGS
ADDED from src/main/AndroidManifest.xml:39:5-72
MERGED from [:modulebase:] AndroidManifest.xml:57:5-73
MERGED from [:modulebase:] AndroidManifest.xml:57:5-73
	android:name
		ADDED from src/main/AndroidManifest.xml:39:22-70
uses-permission#android.permission.VIBRATE
ADDED from src/main/AndroidManifest.xml:42:5-65
MERGED from [:modulebase:] AndroidManifest.xml:54:5-66
MERGED from [:modulebase:] AndroidManifest.xml:54:5-66
MERGED from [com.getui:sdk:2.12.5.0] AndroidManifest.xml:19:5-66
MERGED from [com.getui:sdk:2.12.5.0] AndroidManifest.xml:19:5-66
	android:name
		ADDED from src/main/AndroidManifest.xml:42:22-63
uses-permission#android.permission.MOUNT_UNMOUNT_FILESYSTEMS
ADDED from src/main/AndroidManifest.xml:48:5-83
	android:name
		ADDED from src/main/AndroidManifest.xml:48:22-81
uses-permission#android.permission.GET_TASKS
ADDED from src/main/AndroidManifest.xml:50:5-67
MERGED from [com.getui:sdk:2.12.5.0] AndroidManifest.xml:20:5-68
MERGED from [com.getui:sdk:2.12.5.0] AndroidManifest.xml:20:5-68
	android:name
		ADDED from src/main/AndroidManifest.xml:50:22-65
uses-permission#android.permission.CHANGE_WIFI_STATE
ADDED from src/main/AndroidManifest.xml:52:5-75
MERGED from [:modulebase:] AndroidManifest.xml:50:5-76
MERGED from [:modulebase:] AndroidManifest.xml:50:5-76
MERGED from [com.getui:sdk:2.12.5.0] AndroidManifest.xml:14:5-76
MERGED from [com.getui:sdk:2.12.5.0] AndroidManifest.xml:14:5-76
	android:name
		ADDED from src/main/AndroidManifest.xml:52:22-73
uses-permission#android.permission.WAKE_LOCK
ADDED from src/main/AndroidManifest.xml:53:5-67
MERGED from [:modulebase:] AndroidManifest.xml:59:5-68
MERGED from [:modulebase:] AndroidManifest.xml:59:5-68
MERGED from [com.getui:sdk:2.12.5.0] AndroidManifest.xml:16:5-68
MERGED from [com.getui:sdk:2.12.5.0] AndroidManifest.xml:16:5-68
	android:name
		ADDED from src/main/AndroidManifest.xml:53:22-65
uses-permission#android.permission.MODIFY_AUDIO_SETTINGS
ADDED from src/main/AndroidManifest.xml:54:5-79
	android:name
		ADDED from src/main/AndroidManifest.xml:54:22-77
uses-permission#android.permission.RECEIVE_BOOT_COMPLETED
ADDED from src/main/AndroidManifest.xml:56:5-80
MERGED from [com.getui:sdk:2.12.5.0] AndroidManifest.xml:17:5-81
MERGED from [com.getui:sdk:2.12.5.0] AndroidManifest.xml:17:5-81
	android:name
		ADDED from src/main/AndroidManifest.xml:56:22-78
application
ADDED from src/main/AndroidManifest.xml:58:5-259:19
MERGED from [com.yuyh.bubble:library:1.0.0] AndroidManifest.xml:11:5-15:19
MERGED from [com.yuyh.bubble:library:1.0.0] AndroidManifest.xml:11:5-15:19
MERGED from [com.android.support.constraint:constraint-layout:1.1.2] AndroidManifest.xml:9:5-20
MERGED from [com.android.support.constraint:constraint-layout:1.1.2] AndroidManifest.xml:9:5-20
MERGED from [com.githang:com-phillipcalvin-iconbutton:2.0.2] AndroidManifest.xml:11:5-20
MERGED from [com.githang:com-phillipcalvin-iconbutton:2.0.2] AndroidManifest.xml:11:5-20
MERGED from [:modulebase:] AndroidManifest.xml:101:5-306:19
MERGED from [:modulebase:] AndroidManifest.xml:101:5-306:19
MERGED from [com.scwang.smartrefresh:SmartRefreshLayout:1.1.0-alpha-14] AndroidManifest.xml:11:5-15:19
MERGED from [com.scwang.smartrefresh:SmartRefreshLayout:1.1.0-alpha-14] AndroidManifest.xml:11:5-15:19
MERGED from [com.github.chrisbanes.photoview:library:1.2.3] AndroidManifest.xml:4:5-81
MERGED from [com.github.chrisbanes.photoview:library:1.2.3] AndroidManifest.xml:4:5-81
MERGED from [com.google.android.gms:play-services-base:11.4.0] AndroidManifest.xml:18:5-20:19
MERGED from [com.google.android.gms:play-services-base:11.4.0] AndroidManifest.xml:18:5-20:19
MERGED from [com.google.android.gms:play-services-tasks:11.4.0] AndroidManifest.xml:4:5-19
MERGED from [com.google.android.gms:play-services-tasks:11.4.0] AndroidManifest.xml:4:5-19
MERGED from [com.google.android.gms:play-services-basement:11.4.0] AndroidManifest.xml:19:5-21:19
MERGED from [com.google.android.gms:play-services-basement:11.4.0] AndroidManifest.xml:19:5-21:19
MERGED from [com.getui:sdk:2.12.5.0] AndroidManifest.xml:32:5-82:19
MERGED from [com.getui:sdk:2.12.5.0] AndroidManifest.xml:32:5-82:19
	android:supportsRtl
		ADDED from src/main/AndroidManifest.xml:64:9-35
	android:label
		ADDED from src/main/AndroidManifest.xml:62:9-41
	android:hardwareAccelerated
		ADDED from [com.github.chrisbanes.photoview:library:1.2.3] AndroidManifest.xml:4:45-79
	android:roundIcon
		ADDED from src/main/AndroidManifest.xml:63:9-45
	android:icon
		ADDED from src/main/AndroidManifest.xml:61:9-40
		REJECTED from [:modulebase:] AndroidManifest.xml:103:9-47
	android:allowBackup
		ADDED from src/main/AndroidManifest.xml:60:9-35
		REJECTED from [com.yuyh.bubble:library:1.0.0] AndroidManifest.xml:12:9-35
		REJECTED from [:modulebase:] AndroidManifest.xml:102:9-36
		REJECTED from [com.github.chrisbanes.photoview:library:1.2.3] AndroidManifest.xml:4:18-44
	android:theme
		ADDED from src/main/AndroidManifest.xml:65:9-40
	tools:replace
		ADDED from src/main/AndroidManifest.xml:66:9-71
	android:usesCleartextTraffic
		ADDED from [com.getui:sdk:2.12.5.0] AndroidManifest.xml:32:18-53
	android:name
		ADDED from src/main/AndroidManifest.xml:59:9-63
provider#android.support.v4.content.FileProvider
ADDED from src/main/AndroidManifest.xml:67:9-76:20
MERGED from [:modulebase:] AndroidManifest.xml:113:9-121:20
MERGED from [:modulebase:] AndroidManifest.xml:113:9-121:20
	android:grantUriPermissions
		ADDED from src/main/AndroidManifest.xml:71:13-47
	android:authorities
		ADDED from src/main/AndroidManifest.xml:69:13-76
		REJECTED from [:modulebase:] AndroidManifest.xml:115:13-67
	android:exported
		ADDED from src/main/AndroidManifest.xml:70:13-37
	tools:replace
		ADDED from src/main/AndroidManifest.xml:72:13-48
	android:name
		ADDED from src/main/AndroidManifest.xml:68:13-67
meta-data#android.support.FILE_PROVIDER_PATHS
ADDED from src/main/AndroidManifest.xml:73:13-75:56
MERGED from [:modulebase:] AndroidManifest.xml:118:13-120:57
MERGED from [:modulebase:] AndroidManifest.xml:118:13-120:57
	android:resource
		ADDED from src/main/AndroidManifest.xml:75:17-54
	android:name
		ADDED from src/main/AndroidManifest.xml:74:17-67
meta-data#com.amap.api.v2.apikey
ADDED from src/main/AndroidManifest.xml:78:9-80:63
	android:value
		ADDED from src/main/AndroidManifest.xml:80:13-61
	android:name
		ADDED from src/main/AndroidManifest.xml:79:13-50
service#com.amap.api.location.APSService
ADDED from src/main/AndroidManifest.xml:81:9-76
	android:name
		ADDED from src/main/AndroidManifest.xml:81:18-65
meta-data#EASEMOB_APPKEY
ADDED from src/main/AndroidManifest.xml:84:9-86:77
	android:value
		ADDED from src/main/AndroidManifest.xml:86:13-75
	android:name
		ADDED from src/main/AndroidManifest.xml:85:13-42
service#com.kiun.modelcommonsupport.hx.HXChatService
ADDED from src/main/AndroidManifest.xml:88:9-90:38
	android:exported
		ADDED from src/main/AndroidManifest.xml:90:13-36
	android:name
		ADDED from src/main/AndroidManifest.xml:89:13-72
service#com.kiun.modelcommonsupport.hx.HXJobService
ADDED from src/main/AndroidManifest.xml:91:9-95:15
	android:exported
		ADDED from src/main/AndroidManifest.xml:93:13-36
	android:permission
		ADDED from src/main/AndroidManifest.xml:94:13-69
	android:name
		ADDED from src/main/AndroidManifest.xml:92:13-71
receiver#com.kiun.modelcommonsupport.hx.HXMonitorReceiver
ADDED from src/main/AndroidManifest.xml:97:9-107:20
	android:name
		ADDED from src/main/AndroidManifest.xml:97:19-82
intent-filter#action:name:android.intent.action.PACKAGE_REMOVED+data:scheme:package
ADDED from src/main/AndroidManifest.xml:98:13-101:29
action#android.intent.action.PACKAGE_REMOVED
ADDED from src/main/AndroidManifest.xml:99:17-79
	android:name
		ADDED from src/main/AndroidManifest.xml:99:25-77
data
ADDED from src/main/AndroidManifest.xml:100:17-49
	android:scheme
		ADDED from src/main/AndroidManifest.xml:100:23-47
intent-filter#action:name:android.intent.action.BOOT_COMPLETED+action:name:android.intent.action.USER_PRESENT
ADDED from src/main/AndroidManifest.xml:103:13-106:29
action#android.intent.action.BOOT_COMPLETED
ADDED from src/main/AndroidManifest.xml:104:17-78
	android:name
		ADDED from src/main/AndroidManifest.xml:104:25-76
action#android.intent.action.USER_PRESENT
ADDED from src/main/AndroidManifest.xml:105:17-76
	android:name
		ADDED from src/main/AndroidManifest.xml:105:25-74
activity#com.kiun.modelcommonsupport.ui.rollout.activity.WelcomeActivity
ADDED from src/main/AndroidManifest.xml:109:9-121:20
	android:screenOrientation
		ADDED from src/main/AndroidManifest.xml:113:13-49
	android:windowSoftInputMode
		ADDED from src/main/AndroidManifest.xml:114:13-67
	android:configChanges
		ADDED from src/main/AndroidManifest.xml:112:13-59
	android:theme
		ADDED from src/main/AndroidManifest.xml:111:13-49
	android:name
		ADDED from src/main/AndroidManifest.xml:110:13-91
intent-filter#action:name:android.intent.action.MAIN+category:name:android.intent.category.LAUNCHER
ADDED from src/main/AndroidManifest.xml:116:13-119:29
action#android.intent.action.MAIN
ADDED from src/main/AndroidManifest.xml:117:17-68
	android:name
		ADDED from src/main/AndroidManifest.xml:117:25-66
category#android.intent.category.LAUNCHER
ADDED from src/main/AndroidManifest.xml:118:17-76
	android:name
		ADDED from src/main/AndroidManifest.xml:118:27-74
activity#com.xzxx.decorate.o2o.master.MainActivity
ADDED from src/main/AndroidManifest.xml:123:9-124:20
	android:name
		ADDED from src/main/AndroidManifest.xml:123:19-47
activity#com.xzxx.decorate.o2o.master.PersonalCenterActivity
ADDED from src/main/AndroidManifest.xml:127:9-128:20
	android:name
		ADDED from src/main/AndroidManifest.xml:127:19-57
activity#com.xzxx.decorate.o2o.master.PersonalInfoActivity
ADDED from src/main/AndroidManifest.xml:131:9-133:20
	android:name
		ADDED from src/main/AndroidManifest.xml:131:19-55
activity#com.xzxx.decorate.o2o.master.PersonalOrderActivity
ADDED from src/main/AndroidManifest.xml:136:9-58
	android:name
		ADDED from src/main/AndroidManifest.xml:136:19-56
activity#com.xzxx.decorate.o2o.master.PoiSearchActivity
ADDED from src/main/AndroidManifest.xml:137:9-139:20
	android:name
		ADDED from src/main/AndroidManifest.xml:137:19-52
activity#com.xzxx.decorate.o2o.master.OrderDetailActivity
ADDED from src/main/AndroidManifest.xml:142:9-145:20
	android:hardwareAccelerated
		ADDED from src/main/AndroidManifest.xml:144:13-47
	android:name
		ADDED from src/main/AndroidManifest.xml:143:13-48
activity#com.xzxx.decorate.o2o.master.PersonalWalletActivity
ADDED from src/main/AndroidManifest.xml:148:9-149:20
	android:name
		ADDED from src/main/AndroidManifest.xml:148:19-57
activity#com.xzxx.decorate.o2o.master.BalanceActivity
ADDED from src/main/AndroidManifest.xml:152:9-153:20
	android:name
		ADDED from src/main/AndroidManifest.xml:152:19-50
activity#com.xzxx.decorate.o2o.master.BalanceRecordActivity
ADDED from src/main/AndroidManifest.xml:156:9-157:20
	android:name
		ADDED from src/main/AndroidManifest.xml:156:19-56
activity#com.xzxx.decorate.o2o.master.BalanceProgressActivity
ADDED from src/main/AndroidManifest.xml:160:9-161:20
	android:name
		ADDED from src/main/AndroidManifest.xml:160:19-58
activity#com.xzxx.decorate.o2o.master.BalanceRecordDetailActivity
ADDED from src/main/AndroidManifest.xml:164:9-165:20
	android:name
		ADDED from src/main/AndroidManifest.xml:164:19-62
activity#com.xzxx.decorate.o2o.master.bank.PersonalBandCardActivity
ADDED from src/main/AndroidManifest.xml:168:9-169:20
	android:name
		ADDED from src/main/AndroidManifest.xml:168:19-64
activity#com.xzxx.decorate.o2o.master.bank.AddBandCardActivity
ADDED from src/main/AndroidManifest.xml:172:9-173:20
	android:name
		ADDED from src/main/AndroidManifest.xml:172:19-59
activity#com.xzxx.decorate.o2o.master.WriteCardInfoActivity
ADDED from src/main/AndroidManifest.xml:176:9-177:20
	android:name
		ADDED from src/main/AndroidManifest.xml:176:19-56
activity#com.xzxx.decorate.o2o.master.VerifyPhoneNumberActivity
ADDED from src/main/AndroidManifest.xml:180:9-181:20
	android:name
		ADDED from src/main/AndroidManifest.xml:180:19-60
activity#com.xzxx.decorate.o2o.master.bank.PersonalBillActivity
ADDED from src/main/AndroidManifest.xml:184:9-185:20
	android:name
		ADDED from src/main/AndroidManifest.xml:184:19-60
activity#com.xzxx.decorate.o2o.master.BillDetailActivity
ADDED from src/main/AndroidManifest.xml:188:9-190:20
	android:name
		ADDED from src/main/AndroidManifest.xml:188:19-53
activity#com.xzxx.decorate.o2o.master.ServiceOrderActivity
ADDED from src/main/AndroidManifest.xml:193:9-195:20
	android:name
		ADDED from src/main/AndroidManifest.xml:193:19-55
activity#com.xzxx.decorate.o2o.master.RegisterFirstActivity
ADDED from src/main/AndroidManifest.xml:198:9-68
	android:name
		ADDED from src/main/AndroidManifest.xml:198:19-56
activity#com.xzxx.decorate.o2o.master.RegisterSecondActivity
ADDED from src/main/AndroidManifest.xml:201:9-69
	android:name
		ADDED from src/main/AndroidManifest.xml:201:19-57
activity#com.kiun.modelcommonsupport.controllers.authority.LoginActivity
ADDED from src/main/AndroidManifest.xml:207:9-213:20
	android:launchMode
		ADDED from src/main/AndroidManifest.xml:209:13-44
	android:name
		ADDED from src/main/AndroidManifest.xml:208:13-91
meta-data#noBackBar
ADDED from src/main/AndroidManifest.xml:210:13-212:36
	android:value
		ADDED from src/main/AndroidManifest.xml:212:17-34
	android:name
		ADDED from src/main/AndroidManifest.xml:211:17-41
activity#com.kiun.modelcommonsupport.controllers.authority.RegisterActivity
ADDED from src/main/AndroidManifest.xml:215:9-102
	android:name
		ADDED from src/main/AndroidManifest.xml:215:19-100
activity#com.kiun.modelcommonsupport.controllers.authority.WebBaseActivity
ADDED from src/main/AndroidManifest.xml:216:9-101
	android:name
		ADDED from src/main/AndroidManifest.xml:216:19-99
activity#com.kiun.modelcommonsupport.controllers.authority.SettingLoginPasswodActivity
ADDED from src/main/AndroidManifest.xml:218:9-113
	android:name
		ADDED from src/main/AndroidManifest.xml:218:19-111
activity#com.kiun.modelcommonsupport.controllers.authority.ForgetPasswordActivity
ADDED from src/main/AndroidManifest.xml:220:9-108
	android:name
		ADDED from src/main/AndroidManifest.xml:220:19-106
activity#com.kiun.modelcommonsupport.controllers.authority.CodeLoginActivity
ADDED from src/main/AndroidManifest.xml:222:9-103
	android:name
		ADDED from src/main/AndroidManifest.xml:222:19-101
activity#com.kiun.modelcommonsupport.controllers.authority.ChangeMobieActivity
ADDED from src/main/AndroidManifest.xml:224:9-105
	android:name
		ADDED from src/main/AndroidManifest.xml:224:19-103
activity#com.kiun.modelcommonsupport.controllers.authority.PhoneModifyActivity
ADDED from src/main/AndroidManifest.xml:226:9-105
	android:name
		ADDED from src/main/AndroidManifest.xml:226:19-103
activity#com.kiun.modelcommonsupport.controllers.authority.SettingActivity
ADDED from src/main/AndroidManifest.xml:228:9-101
	android:name
		ADDED from src/main/AndroidManifest.xml:228:19-99
activity#com.kiun.modelcommonsupport.ui.rollout.activity.RolloutPreviewActivity
ADDED from src/main/AndroidManifest.xml:231:9-106
	android:name
		ADDED from src/main/AndroidManifest.xml:231:19-104
activity#com.kiun.modelcommonsupport.controllers.CameraActivity
ADDED from src/main/AndroidManifest.xml:232:9-90
	android:name
		ADDED from src/main/AndroidManifest.xml:232:19-88
activity#com.kiun.modelcommonsupport.controllers.SelectCityActivity
ADDED from src/main/AndroidManifest.xml:233:9-94
	android:name
		ADDED from src/main/AndroidManifest.xml:233:19-92
activity#com.kiun.modelcommonsupport.hx.ChatActivity
ADDED from src/main/AndroidManifest.xml:237:9-122
	android:windowSoftInputMode
		ADDED from src/main/AndroidManifest.xml:237:78-120
	android:name
		ADDED from src/main/AndroidManifest.xml:237:19-77
activity#com.kiun.modelcommonsupport.hx.HXMapActivity
ADDED from src/main/AndroidManifest.xml:238:9-80
	android:name
		ADDED from src/main/AndroidManifest.xml:238:19-78
activity#com.kiun.modelcommonsupport.hx.ContactListActivity
ADDED from src/main/AndroidManifest.xml:239:9-86
	android:name
		ADDED from src/main/AndroidManifest.xml:239:19-84
activity#com.kiun.modelcommonsupport.hx.VideoCallActivity
ADDED from src/main/AndroidManifest.xml:240:9-84
	android:name
		ADDED from src/main/AndroidManifest.xml:240:19-82
activity#com.kiun.modelcommonsupport.hx.VoiceCallActivity
ADDED from src/main/AndroidManifest.xml:241:9-85
	android:name
		ADDED from src/main/AndroidManifest.xml:241:19-82
activity#com.hyphenate.easeui.ui.EaseShowBigImageActivity
ADDED from src/main/AndroidManifest.xml:242:9-94
	android:name
		ADDED from src/main/AndroidManifest.xml:242:19-82
activity#com.xzxx.decorate.o2o.master.SendToBaseActivity
ADDED from src/main/AndroidManifest.xml:246:9-55
	android:name
		ADDED from src/main/AndroidManifest.xml:246:19-53
activity#com.xzxx.decorate.o2o.master.SkillItemActivity
ADDED from src/main/AndroidManifest.xml:247:9-54
	android:name
		ADDED from src/main/AndroidManifest.xml:247:19-52
service#com.kiun.modelcommonsupport.push.DemoIntentService
ADDED from src/main/AndroidManifest.xml:250:9-85
	android:name
		ADDED from src/main/AndroidManifest.xml:250:18-83
service#com.kiun.modelcommonsupport.push.DemoPushService
ADDED from src/main/AndroidManifest.xml:253:9-258:19
	android:process
		ADDED from src/main/AndroidManifest.xml:257:13-43
	android:label
		ADDED from src/main/AndroidManifest.xml:256:13-40
	android:exported
		ADDED from src/main/AndroidManifest.xml:255:13-36
	android:name
		ADDED from src/main/AndroidManifest.xml:254:13-76
uses-sdk
INJECTED from src/main/AndroidManifest.xml reason: use-sdk injection requested
INJECTED from src/main/AndroidManifest.xml
INJECTED from src/main/AndroidManifest.xml
MERGED from [com.android.support:multidex:1.0.2] AndroidManifest.xml:20:5-43
MERGED from [com.android.support:multidex:1.0.2] AndroidManifest.xml:20:5-43
MERGED from [:libmc] AndroidManifest.xml:7:5-9:41
MERGED from [:libmc] AndroidManifest.xml:7:5-9:41
MERGED from [:easeui] AndroidManifest.xml:5:5-7:41
MERGED from [:easeui] AndroidManifest.xml:5:5-7:41
MERGED from [com.android.support:design:27.1.1] AndroidManifest.xml:20:5-44
MERGED from [com.android.support:design:27.1.1] AndroidManifest.xml:20:5-44
MERGED from [com.yuyh.bubble:library:1.0.0] AndroidManifest.xml:7:5-9:41
MERGED from [com.yuyh.bubble:library:1.0.0] AndroidManifest.xml:7:5-9:41
MERGED from [com.android.support:appcompat-v7:27.1.1] AndroidManifest.xml:20:5-44
MERGED from [com.android.support:appcompat-v7:27.1.1] AndroidManifest.xml:20:5-44
MERGED from [com.android.support.constraint:constraint-layout:1.1.2] AndroidManifest.xml:5:5-7:41
MERGED from [com.android.support.constraint:constraint-layout:1.1.2] AndroidManifest.xml:5:5-7:41
MERGED from [com.youth.banner:banner:1.4.10] AndroidManifest.xml:7:5-9:41
MERGED from [com.youth.banner:banner:1.4.10] AndroidManifest.xml:7:5-9:41
MERGED from [com.githang:com-phillipcalvin-iconbutton:2.0.2] AndroidManifest.xml:7:5-9:41
MERGED from [com.githang:com-phillipcalvin-iconbutton:2.0.2] AndroidManifest.xml:7:5-9:41
MERGED from [com.makeramen:roundedimageview:2.2.1] AndroidManifest.xml:7:5-43
MERGED from [com.makeramen:roundedimageview:2.2.1] AndroidManifest.xml:7:5-43
MERGED from [:customprogressview:] AndroidManifest.xml:7:5-9:41
MERGED from [:customprogressview:] AndroidManifest.xml:7:5-9:41
MERGED from [:modulebase:] AndroidManifest.xml:8:5-10:41
MERGED from [:modulebase:] AndroidManifest.xml:8:5-10:41
MERGED from [com.scwang.smartrefresh:SmartRefreshLayout:1.1.0-alpha-14] AndroidManifest.xml:7:5-9:41
MERGED from [com.scwang.smartrefresh:SmartRefreshLayout:1.1.0-alpha-14] AndroidManifest.xml:7:5-9:41
MERGED from [com.android.support:transition:27.1.1] AndroidManifest.xml:20:5-44
MERGED from [com.android.support:transition:27.1.1] AndroidManifest.xml:20:5-44
MERGED from [com.jakewharton:butterknife:8.8.1] AndroidManifest.xml:5:5-43
MERGED from [com.jakewharton:butterknife:8.8.1] AndroidManifest.xml:5:5-43
MERGED from [com.android.support:recyclerview-v7:27.1.1] AndroidManifest.xml:20:5-44
MERGED from [com.android.support:recyclerview-v7:27.1.1] AndroidManifest.xml:20:5-44
MERGED from [com.android.support:animated-vector-drawable:27.1.1] AndroidManifest.xml:20:5-44
MERGED from [com.android.support:animated-vector-drawable:27.1.1] AndroidManifest.xml:20:5-44
MERGED from [com.github.chrisbanes.photoview:library:1.2.3] AndroidManifest.xml:2:5-72
MERGED from [com.github.chrisbanes.photoview:library:1.2.3] AndroidManifest.xml:2:5-72
MERGED from [com.google.android.gms:play-services-base:11.4.0] AndroidManifest.xml:17:5-43
MERGED from [com.google.android.gms:play-services-base:11.4.0] AndroidManifest.xml:17:5-43
MERGED from [com.google.android.gms:play-services-tasks:11.4.0] AndroidManifest.xml:3:5-43
MERGED from [com.google.android.gms:play-services-tasks:11.4.0] AndroidManifest.xml:3:5-43
MERGED from [com.google.android.gms:play-services-basement:11.4.0] AndroidManifest.xml:17:5-43
MERGED from [com.google.android.gms:play-services-basement:11.4.0] AndroidManifest.xml:17:5-43
MERGED from [com.android.support:support-v4:27.1.1] AndroidManifest.xml:20:5-44
MERGED from [com.android.support:support-v4:27.1.1] AndroidManifest.xml:20:5-44
MERGED from [com.android.support:support-fragment:27.1.1] AndroidManifest.xml:20:5-44
MERGED from [com.android.support:support-fragment:27.1.1] AndroidManifest.xml:20:5-44
MERGED from [com.android.support:support-core-ui:27.1.1] AndroidManifest.xml:20:5-44
MERGED from [com.android.support:support-core-ui:27.1.1] AndroidManifest.xml:20:5-44
MERGED from [com.android.support:support-core-utils:27.1.1] AndroidManifest.xml:20:5-44
MERGED from [com.android.support:support-core-utils:27.1.1] AndroidManifest.xml:20:5-44
MERGED from [com.android.support:support-vector-drawable:27.1.1] AndroidManifest.xml:20:5-44